<?xml version='1.0'?>
<ns2:test-suite xmlns:ns2='urn:model.allure.qatools.yandex.ru' start='1671988623707' stop='1671988623716'>
    <name>Login: Login Successfully</name>
    <title>Login: Login Successfully</title>
    <test-cases>
        <test-case start='1671988623707' status='passed' stop='1671988623709'>
            <name></name>
            <title></title>
            <labels>
                <label name='language' value='javascript'/>
                <label name='framework' value='wdio'/>
                <label name='thread' value='0-1'/>
            </labels>
            <parameters>
                <parameter kind='argument' name='browser' value='chrome-108.0.5359.125'/>
            </parameters>
            <steps/>
            <attachments/>
        </test-case>
        <test-case start='1671988623709' status='broken' stop='1671988623711'>
            <name>Given Open SwagLabs homepage</name>
            <title>Given Open SwagLabs homepage</title>
            <labels>
                <label name='language' value='javascript'/>
                <label name='framework' value='wdio'/>
                <label name='thread' value='0-1'/>
            </labels>
            <parameters>
                <parameter kind='argument' name='browser' value='chrome-108.0.5359.125'/>
            </parameters>
            <steps/>
            <attachments/>
            <failure>
                <message>Step "Open SwagLabs homepage" is not defined. You can ignore this error by setting cucumberOpts.ignoreUndefinedDefinitions as true.</message>
                <stack-trace>Step "Open SwagLabs homepage" is not defined. You can ignore this error by setting cucumberOpts.ignoreUndefinedDefinitions as true.
                	at Feature(D:\Kuliah\Sanbercode\Tugas-Pekanan-6-Cucumber-UI-Automation\features\homepage\login\login.feature):1:1
                	at Scenario(Login Successfully):4:3
                	at Step(Open SwagLabs homepage):6:5
                </stack-trace>
            </failure>
        </test-case>
        <test-case start='1671988623711' status='pending' stop='1671988623712'>
            <name>And I input username standard_user</name>
            <title>And I input username standard_user</title>
            <labels>
                <label name='language' value='javascript'/>
                <label name='framework' value='wdio'/>
                <label name='thread' value='0-1'/>
            </labels>
            <parameters>
                <parameter kind='argument' name='browser' value='chrome-108.0.5359.125'/>
            </parameters>
            <steps/>
            <attachments/>
        </test-case>
        <test-case start='1671988623712' status='pending' stop='1671988623713'>
            <name>And I input password secret_sauce</name>
            <title>And I input password secret_sauce</title>
            <labels>
                <label name='language' value='javascript'/>
                <label name='framework' value='wdio'/>
                <label name='thread' value='0-1'/>
            </labels>
            <parameters>
                <parameter kind='argument' name='browser' value='chrome-108.0.5359.125'/>
            </parameters>
            <steps/>
            <attachments/>
        </test-case>
        <test-case start='1671988623713' status='broken' stop='1671988623713'>
            <name>And I click login button</name>
            <title>And I click login button</title>
            <labels>
                <label name='language' value='javascript'/>
                <label name='framework' value='wdio'/>
                <label name='thread' value='0-1'/>
            </labels>
            <parameters>
                <parameter kind='argument' name='browser' value='chrome-108.0.5359.125'/>
            </parameters>
            <steps/>
            <attachments/>
            <failure>
                <message>Step "I click login button" is not defined. You can ignore this error by setting cucumberOpts.ignoreUndefinedDefinitions as true.</message>
                <stack-trace>Step "I click login button" is not defined. You can ignore this error by setting cucumberOpts.ignoreUndefinedDefinitions as true.
                	at Feature(D:\Kuliah\Sanbercode\Tugas-Pekanan-6-Cucumber-UI-Automation\features\homepage\login\login.feature):1:1
                	at Scenario(Login Successfully):4:3
                	at Step(I click login button):9:5
                </stack-trace>
            </failure>
        </test-case>
        <test-case start='1671988623713' status='broken' stop='1671988623714'>
            <name>Then I can click button add to cart</name>
            <title>Then I can click button add to cart</title>
            <labels>
                <label name='language' value='javascript'/>
                <label name='framework' value='wdio'/>
                <label name='thread' value='0-1'/>
            </labels>
            <parameters>
                <parameter kind='argument' name='browser' value='chrome-108.0.5359.125'/>
            </parameters>
            <steps/>
            <attachments/>
            <failure>
                <message>Step "I can click button add to cart" is not defined. You can ignore this error by setting cucumberOpts.ignoreUndefinedDefinitions as true.</message>
                <stack-trace>Step "I can click button add to cart" is not defined. You can ignore this error by setting cucumberOpts.ignoreUndefinedDefinitions as true.
                	at Feature(D:\Kuliah\Sanbercode\Tugas-Pekanan-6-Cucumber-UI-Automation\features\homepage\login\login.feature):1:1
                	at Scenario(Login Successfully):4:3
                	at Step(I can click button add to cart):10:5
                </stack-trace>
            </failure>
        </test-case>
        <test-case start='1671988623714' status='passed' stop='1671988623715'>
            <name></name>
            <title></title>
            <labels>
                <label name='language' value='javascript'/>
                <label name='framework' value='wdio'/>
                <label name='thread' value='0-1'/>
            </labels>
            <parameters>
                <parameter kind='argument' name='browser' value='chrome-108.0.5359.125'/>
            </parameters>
            <steps/>
            <attachments/>
        </test-case>
    </test-cases>
</ns2:test-suite>